c:\users\np\documents\visual studio 2013\projects\dsa\week 8\practical8\practical8\debug\vc120.pdb
c:\users\np\documents\visual studio 2013\projects\dsa\week 8\practical8\practical8\debug\vc120.idb
c:\users\np\documents\visual studio 2013\projects\dsa\week 8\practical8\practical8\debug\bst.obj
c:\users\np\documents\visual studio 2013\projects\dsa\week 8\practical8\practical8\debug\testcode.obj
c:\users\np\documents\visual studio 2013\projects\dsa\week 8\practical8\debug\practical8.ilk
c:\users\np\documents\visual studio 2013\projects\dsa\week 8\practical8\debug\practical8.exe
c:\users\np\documents\visual studio 2013\projects\dsa\week 8\practical8\debug\practical8.pdb
c:\users\np\documents\visual studio 2013\projects\dsa\week 8\practical8\practical8\debug\practical8.tlog\cl.command.1.tlog
c:\users\np\documents\visual studio 2013\projects\dsa\week 8\practical8\practical8\debug\practical8.tlog\cl.read.1.tlog
c:\users\np\documents\visual studio 2013\projects\dsa\week 8\practical8\practical8\debug\practical8.tlog\cl.write.1.tlog
c:\users\np\documents\visual studio 2013\projects\dsa\week 8\practical8\practical8\debug\practical8.tlog\link-cvtres.read.1.tlog
c:\users\np\documents\visual studio 2013\projects\dsa\week 8\practical8\practical8\debug\practical8.tlog\link-cvtres.write.1.tlog
c:\users\np\documents\visual studio 2013\projects\dsa\week 8\practical8\practical8\debug\practical8.tlog\link-rc.read.1.tlog
c:\users\np\documents\visual studio 2013\projects\dsa\week 8\practical8\practical8\debug\practical8.tlog\link-rc.write.1.tlog
c:\users\np\documents\visual studio 2013\projects\dsa\week 8\practical8\practical8\debug\practical8.tlog\link.1308-cvtres.read.1.tlog
c:\users\np\documents\visual studio 2013\projects\dsa\week 8\practical8\practical8\debug\practical8.tlog\link.1308-cvtres.write.1.tlog
c:\users\np\documents\visual studio 2013\projects\dsa\week 8\practical8\practical8\debug\practical8.tlog\link.1308-rc.read.1.tlog
c:\users\np\documents\visual studio 2013\projects\dsa\week 8\practical8\practical8\debug\practical8.tlog\link.1308-rc.write.1.tlog
c:\users\np\documents\visual studio 2013\projects\dsa\week 8\practical8\practical8\debug\practical8.tlog\link.1308.read.1.tlog
c:\users\np\documents\visual studio 2013\projects\dsa\week 8\practical8\practical8\debug\practical8.tlog\link.1308.write.1.tlog
c:\users\np\documents\visual studio 2013\projects\dsa\week 8\practical8\practical8\debug\practical8.tlog\link.command.1.tlog
c:\users\np\documents\visual studio 2013\projects\dsa\week 8\practical8\practical8\debug\practical8.tlog\link.read.1.tlog
c:\users\np\documents\visual studio 2013\projects\dsa\week 8\practical8\practical8\debug\practical8.tlog\link.write.1.tlog
